[0.189s] DEBUG:colcon:Command line arguments: ['/usr/bin/colcon', 'build', '--symlink-install']
[0.189s] DEBUG:colcon:Parsed command line arguments: Namespace(log_base=None, log_level=None, verb_name='build', build_base='build', install_base='install', merge_install=False, symlink_install=True, test_result_base=None, continue_on_error=False, executor='parallel', parallel_workers=20, event_handlers=None, ignore_user_meta=False, metas=['./colcon.meta'], base_paths=['.'], packages_ignore=None, packages_ignore_regex=None, paths=None, packages_up_to=None, packages_up_to_regex=None, packages_above=None, packages_above_and_dependencies=None, packages_above_depth=None, packages_select_by_dep=None, packages_skip_by_dep=None, packages_skip_up_to=None, packages_select_build_failed=False, packages_skip_build_finished=False, packages_select_test_failures=False, packages_skip_test_passed=False, packages_select=None, packages_skip=None, packages_select_regex=None, packages_skip_regex=None, packages_start=None, packages_end=None, allow_overriding=[], cmake_args=None, cmake_target=None, cmake_target_skip_unavailable=False, cmake_clean_cache=False, cmake_clean_first=False, cmake_force_configure=False, ament_cmake_args=None, catkin_cmake_args=None, catkin_skip_building_tests=False, verb_parser=<colcon_defaults.argument_parser.defaults.DefaultArgumentsDecorator object at 0x7fc93baf1300>, verb_extension=<colcon_core.verb.build.BuildVerb object at 0x7fc93c28a890>, main=<bound method BuildVerb.main of <colcon_core.verb.build.BuildVerb object at 0x7fc93c28a890>>)
[0.205s] Level 1:colcon.colcon_core.package_discovery:discover_packages(colcon_meta) check parameters
[0.205s] Level 1:colcon.colcon_core.package_discovery:discover_packages(recursive) check parameters
[0.205s] Level 1:colcon.colcon_core.package_discovery:discover_packages(ignore) check parameters
[0.205s] Level 1:colcon.colcon_core.package_discovery:discover_packages(path) check parameters
[0.205s] Level 1:colcon.colcon_core.package_discovery:discover_packages(colcon_meta) discover
[0.205s] Level 1:colcon.colcon_core.package_discovery:discover_packages(recursive) discover
[0.205s] INFO:colcon.colcon_core.package_discovery:Crawling recursively for packages in '/home/bentarr/ros2_ws/src/CompRobo-Warmup-Project'
[0.205s] Level 1:colcon.colcon_core.package_identification:_identify(.) by extensions ['ignore', 'ignore_ament_install']
[0.205s] Level 1:colcon.colcon_core.package_identification:_identify(.) by extension 'ignore'
[0.205s] Level 1:colcon.colcon_core.package_identification:_identify(.) by extension 'ignore_ament_install'
[0.205s] Level 1:colcon.colcon_core.package_identification:_identify(.) by extensions ['colcon_pkg']
[0.205s] Level 1:colcon.colcon_core.package_identification:_identify(.) by extension 'colcon_pkg'
[0.205s] Level 1:colcon.colcon_core.package_identification:_identify(.) by extensions ['colcon_meta']
[0.205s] Level 1:colcon.colcon_core.package_identification:_identify(.) by extension 'colcon_meta'
[0.205s] Level 1:colcon.colcon_core.package_identification:_identify(.) by extensions ['ros']
[0.205s] Level 1:colcon.colcon_core.package_identification:_identify(.) by extension 'ros'
[0.211s] Level 1:colcon.colcon_core.package_identification:_identify(.) by extensions ['cmake', 'python']
[0.211s] Level 1:colcon.colcon_core.package_identification:_identify(.) by extension 'cmake'
[0.211s] Level 1:colcon.colcon_core.package_identification:_identify(.) by extension 'python'
[0.211s] Level 1:colcon.colcon_core.package_identification:_identify(.) by extensions ['python_setup_py']
[0.211s] Level 1:colcon.colcon_core.package_identification:_identify(.) by extension 'python_setup_py'
[0.212s] Level 1:colcon.colcon_core.package_identification:_identify(build) by extensions ['ignore', 'ignore_ament_install']
[0.212s] Level 1:colcon.colcon_core.package_identification:_identify(build) by extension 'ignore'
[0.212s] Level 1:colcon.colcon_core.package_identification:_identify(build) ignored
[0.212s] Level 1:colcon.colcon_core.package_identification:_identify(checkpoint_bag) by extensions ['ignore', 'ignore_ament_install']
[0.212s] Level 1:colcon.colcon_core.package_identification:_identify(checkpoint_bag) by extension 'ignore'
[0.212s] Level 1:colcon.colcon_core.package_identification:_identify(checkpoint_bag) by extension 'ignore_ament_install'
[0.212s] Level 1:colcon.colcon_core.package_identification:_identify(checkpoint_bag) by extensions ['colcon_pkg']
[0.212s] Level 1:colcon.colcon_core.package_identification:_identify(checkpoint_bag) by extension 'colcon_pkg'
[0.212s] Level 1:colcon.colcon_core.package_identification:_identify(checkpoint_bag) by extensions ['colcon_meta']
[0.212s] Level 1:colcon.colcon_core.package_identification:_identify(checkpoint_bag) by extension 'colcon_meta'
[0.212s] Level 1:colcon.colcon_core.package_identification:_identify(checkpoint_bag) by extensions ['ros']
[0.212s] Level 1:colcon.colcon_core.package_identification:_identify(checkpoint_bag) by extension 'ros'
[0.212s] Level 1:colcon.colcon_core.package_identification:_identify(checkpoint_bag) by extensions ['cmake', 'python']
[0.212s] Level 1:colcon.colcon_core.package_identification:_identify(checkpoint_bag) by extension 'cmake'
[0.212s] Level 1:colcon.colcon_core.package_identification:_identify(checkpoint_bag) by extension 'python'
[0.212s] Level 1:colcon.colcon_core.package_identification:_identify(checkpoint_bag) by extensions ['python_setup_py']
[0.212s] Level 1:colcon.colcon_core.package_identification:_identify(checkpoint_bag) by extension 'python_setup_py'
[0.212s] Level 1:colcon.colcon_core.package_identification:_identify(drive_square_bag) by extensions ['ignore', 'ignore_ament_install']
[0.212s] Level 1:colcon.colcon_core.package_identification:_identify(drive_square_bag) by extension 'ignore'
[0.212s] Level 1:colcon.colcon_core.package_identification:_identify(drive_square_bag) by extension 'ignore_ament_install'
[0.212s] Level 1:colcon.colcon_core.package_identification:_identify(drive_square_bag) by extensions ['colcon_pkg']
[0.212s] Level 1:colcon.colcon_core.package_identification:_identify(drive_square_bag) by extension 'colcon_pkg'
[0.212s] Level 1:colcon.colcon_core.package_identification:_identify(drive_square_bag) by extensions ['colcon_meta']
[0.212s] Level 1:colcon.colcon_core.package_identification:_identify(drive_square_bag) by extension 'colcon_meta'
[0.212s] Level 1:colcon.colcon_core.package_identification:_identify(drive_square_bag) by extensions ['ros']
[0.212s] Level 1:colcon.colcon_core.package_identification:_identify(drive_square_bag) by extension 'ros'
[0.212s] Level 1:colcon.colcon_core.package_identification:_identify(drive_square_bag) by extensions ['cmake', 'python']
[0.212s] Level 1:colcon.colcon_core.package_identification:_identify(drive_square_bag) by extension 'cmake'
[0.212s] Level 1:colcon.colcon_core.package_identification:_identify(drive_square_bag) by extension 'python'
[0.212s] Level 1:colcon.colcon_core.package_identification:_identify(drive_square_bag) by extensions ['python_setup_py']
[0.212s] Level 1:colcon.colcon_core.package_identification:_identify(drive_square_bag) by extension 'python_setup_py'
[0.212s] Level 1:colcon.colcon_core.package_identification:_identify(install) by extensions ['ignore', 'ignore_ament_install']
[0.212s] Level 1:colcon.colcon_core.package_identification:_identify(install) by extension 'ignore'
[0.212s] Level 1:colcon.colcon_core.package_identification:_identify(install) ignored
[0.212s] Level 1:colcon.colcon_core.package_identification:_identify(log) by extensions ['ignore', 'ignore_ament_install']
[0.212s] Level 1:colcon.colcon_core.package_identification:_identify(log) by extension 'ignore'
[0.212s] Level 1:colcon.colcon_core.package_identification:_identify(log) ignored
[0.212s] Level 1:colcon.colcon_core.package_identification:_identify(warmup_project) by extensions ['ignore', 'ignore_ament_install']
[0.212s] Level 1:colcon.colcon_core.package_identification:_identify(warmup_project) by extension 'ignore'
[0.213s] Level 1:colcon.colcon_core.package_identification:_identify(warmup_project) by extension 'ignore_ament_install'
[0.213s] Level 1:colcon.colcon_core.package_identification:_identify(warmup_project) by extensions ['colcon_pkg']
[0.213s] Level 1:colcon.colcon_core.package_identification:_identify(warmup_project) by extension 'colcon_pkg'
[0.213s] Level 1:colcon.colcon_core.package_identification:_identify(warmup_project) by extensions ['colcon_meta']
[0.213s] Level 1:colcon.colcon_core.package_identification:_identify(warmup_project) by extension 'colcon_meta'
[0.213s] Level 1:colcon.colcon_core.package_identification:_identify(warmup_project) by extensions ['ros']
[0.213s] Level 1:colcon.colcon_core.package_identification:_identify(warmup_project) by extension 'ros'
[0.214s] DEBUG:colcon.colcon_core.package_identification:Package 'warmup_project' with type 'ros.ament_python' and name 'warmup_project'
[0.214s] Level 1:colcon.colcon_core.package_discovery:discover_packages(recursive) using defaults
[0.214s] Level 1:colcon.colcon_core.package_discovery:discover_packages(ignore) discover
[0.214s] Level 1:colcon.colcon_core.package_discovery:discover_packages(ignore) using defaults
[0.214s] Level 1:colcon.colcon_core.package_discovery:discover_packages(path) discover
[0.214s] Level 1:colcon.colcon_core.package_discovery:discover_packages(path) using defaults
[0.228s] Level 1:colcon.colcon_core.package_discovery:discover_packages(prefix_path) check parameters
[0.228s] Level 1:colcon.colcon_core.package_discovery:discover_packages(prefix_path) discover
[0.230s] DEBUG:colcon.colcon_installed_package_information.package_discovery:Found 16 installed packages in /home/bentarr/ros2_ws/install
[0.231s] DEBUG:colcon.colcon_installed_package_information.package_discovery:Found 324 installed packages in /opt/ros/humble
[0.231s] Level 1:colcon.colcon_core.package_discovery:discover_packages(prefix_path) using defaults
[0.269s] Level 5:colcon.colcon_core.verb:set package 'warmup_project' build argument 'cmake_args' from command line to 'None'
[0.269s] Level 5:colcon.colcon_core.verb:set package 'warmup_project' build argument 'cmake_target' from command line to 'None'
[0.269s] Level 5:colcon.colcon_core.verb:set package 'warmup_project' build argument 'cmake_target_skip_unavailable' from command line to 'False'
[0.269s] Level 5:colcon.colcon_core.verb:set package 'warmup_project' build argument 'cmake_clean_cache' from command line to 'False'
[0.269s] Level 5:colcon.colcon_core.verb:set package 'warmup_project' build argument 'cmake_clean_first' from command line to 'False'
[0.269s] Level 5:colcon.colcon_core.verb:set package 'warmup_project' build argument 'cmake_force_configure' from command line to 'False'
[0.269s] Level 5:colcon.colcon_core.verb:set package 'warmup_project' build argument 'ament_cmake_args' from command line to 'None'
[0.269s] Level 5:colcon.colcon_core.verb:set package 'warmup_project' build argument 'catkin_cmake_args' from command line to 'None'
[0.269s] Level 5:colcon.colcon_core.verb:set package 'warmup_project' build argument 'catkin_skip_building_tests' from command line to 'False'
[0.269s] DEBUG:colcon.colcon_core.verb:Building package 'warmup_project' with the following arguments: {'ament_cmake_args': None, 'build_base': '/home/bentarr/ros2_ws/src/CompRobo-Warmup-Project/build/warmup_project', 'catkin_cmake_args': None, 'catkin_skip_building_tests': False, 'cmake_args': None, 'cmake_clean_cache': False, 'cmake_clean_first': False, 'cmake_force_configure': False, 'cmake_target': None, 'cmake_target_skip_unavailable': False, 'install_base': '/home/bentarr/ros2_ws/src/CompRobo-Warmup-Project/install/warmup_project', 'merge_install': False, 'path': '/home/bentarr/ros2_ws/src/CompRobo-Warmup-Project/warmup_project', 'symlink_install': True, 'test_result_base': None}
[0.269s] INFO:colcon.colcon_core.executor:Executing jobs using 'parallel' executor
[0.271s] DEBUG:colcon.colcon_parallel_executor.executor.parallel:run_until_complete
[0.271s] INFO:colcon.colcon_ros.task.ament_python.build:Building ROS package in '/home/bentarr/ros2_ws/src/CompRobo-Warmup-Project/warmup_project' with build type 'ament_python'
[0.271s] Level 1:colcon.colcon_core.shell:create_environment_hook('warmup_project', 'ament_prefix_path')
[0.275s] INFO:colcon.colcon_core.plugin_system:Skipping extension 'colcon_core.shell.bat': Not used on non-Windows systems
[0.275s] INFO:colcon.colcon_core.shell:Creating environment hook '/home/bentarr/ros2_ws/src/CompRobo-Warmup-Project/install/warmup_project/share/warmup_project/hook/ament_prefix_path.ps1'
[0.275s] INFO:colcon.colcon_core.shell:Creating environment descriptor '/home/bentarr/ros2_ws/src/CompRobo-Warmup-Project/install/warmup_project/share/warmup_project/hook/ament_prefix_path.dsv'
[0.276s] INFO:colcon.colcon_core.shell:Creating environment hook '/home/bentarr/ros2_ws/src/CompRobo-Warmup-Project/install/warmup_project/share/warmup_project/hook/ament_prefix_path.sh'
[0.277s] INFO:colcon.colcon_core.shell:Skip shell extension 'powershell' for command environment: Not usable outside of PowerShell
[0.277s] DEBUG:colcon.colcon_core.shell:Skip shell extension 'dsv' for command environment
[0.407s] INFO:colcon.colcon_core.task.python.build:Building Python package in '/home/bentarr/ros2_ws/src/CompRobo-Warmup-Project/warmup_project'
[0.408s] INFO:colcon.colcon_core.shell:Skip shell extension 'powershell' for command environment: Not usable outside of PowerShell
[0.408s] DEBUG:colcon.colcon_core.shell:Skip shell extension 'dsv' for command environment
[0.583s] DEBUG:colcon.colcon_core.event_handler.log_command:Invoking command in '/home/bentarr/ros2_ws/src/CompRobo-Warmup-Project/build/warmup_project': PYTHONPATH=/home/bentarr/ros2_ws/src/CompRobo-Warmup-Project/build/warmup_project/prefix_override:/home/bentarr/ros2_ws/src/CompRobo-Warmup-Project/install/warmup_project/lib/python3.10/site-packages:${PYTHONPATH} /usr/bin/python3 setup.py develop --editable --build-directory /home/bentarr/ros2_ws/src/CompRobo-Warmup-Project/build/warmup_project/build --no-deps install_data
[0.814s] Level 1:colcon.colcon_core.shell:create_environment_hook('warmup_project', 'pythonpath_develop')
[0.814s] INFO:colcon.colcon_core.shell:Creating environment hook '/home/bentarr/ros2_ws/src/CompRobo-Warmup-Project/build/warmup_project/share/warmup_project/hook/pythonpath_develop.ps1'
[0.815s] DEBUG:colcon.colcon_core.event_handler.log_command:Invoked command in '/home/bentarr/ros2_ws/src/CompRobo-Warmup-Project/build/warmup_project' returned '0': PYTHONPATH=/home/bentarr/ros2_ws/src/CompRobo-Warmup-Project/build/warmup_project/prefix_override:/home/bentarr/ros2_ws/src/CompRobo-Warmup-Project/install/warmup_project/lib/python3.10/site-packages:${PYTHONPATH} /usr/bin/python3 setup.py develop --editable --build-directory /home/bentarr/ros2_ws/src/CompRobo-Warmup-Project/build/warmup_project/build --no-deps install_data
[0.815s] INFO:colcon.colcon_core.shell:Creating environment descriptor '/home/bentarr/ros2_ws/src/CompRobo-Warmup-Project/build/warmup_project/share/warmup_project/hook/pythonpath_develop.dsv'
[0.815s] INFO:colcon.colcon_core.shell:Creating environment hook '/home/bentarr/ros2_ws/src/CompRobo-Warmup-Project/build/warmup_project/share/warmup_project/hook/pythonpath_develop.sh'
[0.820s] Level 1:colcon.colcon_core.environment:checking '/home/bentarr/ros2_ws/src/CompRobo-Warmup-Project/install/warmup_project' for CMake module files
[0.820s] Level 1:colcon.colcon_core.environment:checking '/home/bentarr/ros2_ws/src/CompRobo-Warmup-Project/install/warmup_project' for CMake config files
[0.820s] Level 1:colcon.colcon_core.environment:checking '/home/bentarr/ros2_ws/src/CompRobo-Warmup-Project/install/warmup_project/lib'
[0.820s] Level 1:colcon.colcon_core.environment:checking '/home/bentarr/ros2_ws/src/CompRobo-Warmup-Project/install/warmup_project/bin'
[0.820s] Level 1:colcon.colcon_core.environment:checking '/home/bentarr/ros2_ws/src/CompRobo-Warmup-Project/install/warmup_project/lib/pkgconfig/warmup_project.pc'
[0.821s] Level 1:colcon.colcon_core.environment:checking '/home/bentarr/ros2_ws/src/CompRobo-Warmup-Project/install/warmup_project/lib/python3.10/site-packages'
[0.821s] Level 1:colcon.colcon_core.shell:create_environment_hook('warmup_project', 'pythonpath')
[0.821s] INFO:colcon.colcon_core.shell:Creating environment hook '/home/bentarr/ros2_ws/src/CompRobo-Warmup-Project/install/warmup_project/share/warmup_project/hook/pythonpath.ps1'
[0.821s] INFO:colcon.colcon_core.shell:Creating environment descriptor '/home/bentarr/ros2_ws/src/CompRobo-Warmup-Project/install/warmup_project/share/warmup_project/hook/pythonpath.dsv'
[0.821s] INFO:colcon.colcon_core.shell:Creating environment hook '/home/bentarr/ros2_ws/src/CompRobo-Warmup-Project/install/warmup_project/share/warmup_project/hook/pythonpath.sh'
[0.822s] Level 1:colcon.colcon_core.environment:checking '/home/bentarr/ros2_ws/src/CompRobo-Warmup-Project/install/warmup_project/bin'
[0.822s] Level 1:colcon.colcon_core.environment:create_environment_scripts_only(warmup_project)
[0.822s] INFO:colcon.colcon_core.shell:Creating package script '/home/bentarr/ros2_ws/src/CompRobo-Warmup-Project/install/warmup_project/share/warmup_project/package.ps1'
[0.823s] INFO:colcon.colcon_core.shell:Creating package descriptor '/home/bentarr/ros2_ws/src/CompRobo-Warmup-Project/install/warmup_project/share/warmup_project/package.dsv'
[0.823s] INFO:colcon.colcon_core.shell:Creating package script '/home/bentarr/ros2_ws/src/CompRobo-Warmup-Project/install/warmup_project/share/warmup_project/package.sh'
[0.824s] INFO:colcon.colcon_core.shell:Creating package script '/home/bentarr/ros2_ws/src/CompRobo-Warmup-Project/install/warmup_project/share/warmup_project/package.bash'
[0.824s] INFO:colcon.colcon_core.shell:Creating package script '/home/bentarr/ros2_ws/src/CompRobo-Warmup-Project/install/warmup_project/share/warmup_project/package.zsh'
[0.824s] Level 1:colcon.colcon_core.environment:create_file_with_runtime_dependencies(/home/bentarr/ros2_ws/src/CompRobo-Warmup-Project/install/warmup_project/share/colcon-core/packages/warmup_project)
[0.825s] DEBUG:colcon.colcon_parallel_executor.executor.parallel:closing loop
[0.825s] DEBUG:colcon.colcon_parallel_executor.executor.parallel:loop closed
[0.825s] DEBUG:colcon.colcon_parallel_executor.executor.parallel:run_until_complete finished with '0'
[0.825s] DEBUG:colcon.colcon_core.event_reactor:joining thread
[0.830s] INFO:colcon.colcon_core.plugin_system:Skipping extension 'colcon_notification.desktop_notification.terminal_notifier': Not used on non-Darwin systems
[0.830s] INFO:colcon.colcon_core.plugin_system:Skipping extension 'colcon_notification.desktop_notification.win32': Not used on non-Windows systems
[0.830s] INFO:colcon.colcon_notification.desktop_notification:Sending desktop notification using 'notify2'
[0.843s] DEBUG:colcon.colcon_core.event_reactor:joined thread
[0.844s] INFO:colcon.colcon_core.shell:Creating prefix script '/home/bentarr/ros2_ws/src/CompRobo-Warmup-Project/install/local_setup.ps1'
[0.845s] INFO:colcon.colcon_core.shell:Creating prefix util module '/home/bentarr/ros2_ws/src/CompRobo-Warmup-Project/install/_local_setup_util_ps1.py'
[0.845s] INFO:colcon.colcon_core.shell:Creating prefix chain script '/home/bentarr/ros2_ws/src/CompRobo-Warmup-Project/install/setup.ps1'
[0.846s] INFO:colcon.colcon_core.shell:Creating prefix script '/home/bentarr/ros2_ws/src/CompRobo-Warmup-Project/install/local_setup.sh'
[0.847s] INFO:colcon.colcon_core.shell:Creating prefix util module '/home/bentarr/ros2_ws/src/CompRobo-Warmup-Project/install/_local_setup_util_sh.py'
[0.847s] INFO:colcon.colcon_core.shell:Creating prefix chain script '/home/bentarr/ros2_ws/src/CompRobo-Warmup-Project/install/setup.sh'
[0.848s] INFO:colcon.colcon_core.shell:Creating prefix script '/home/bentarr/ros2_ws/src/CompRobo-Warmup-Project/install/local_setup.bash'
[0.848s] INFO:colcon.colcon_core.shell:Creating prefix chain script '/home/bentarr/ros2_ws/src/CompRobo-Warmup-Project/install/setup.bash'
[0.849s] INFO:colcon.colcon_core.shell:Creating prefix script '/home/bentarr/ros2_ws/src/CompRobo-Warmup-Project/install/local_setup.zsh'
[0.849s] INFO:colcon.colcon_core.shell:Creating prefix chain script '/home/bentarr/ros2_ws/src/CompRobo-Warmup-Project/install/setup.zsh'
